TN:
SF:script/TreasuryVester.s.sol
FN:7,TreasuryVesterScript.setUp
FNDA:0,TreasuryVesterScript.setUp
FN:9,TreasuryVesterScript.run
FNDA:0,TreasuryVesterScript.run
DA:10,0
FNF:2
FNH:0
LF:1
LH:0
BRF:0
BRH:0
end_of_record
TN:
SF:src/ImprovedTreasuryVester.sol
FN:115,SafeMath.add
FNDA:0,SafeMath.add
DA:116,0
DA:117,0
BRDA:117,0,0,-
BRDA:117,0,1,-
DA:119,0
FN:122,SafeMath.sub
FNDA:0,SafeMath.sub
DA:123,0
FN:126,SafeMath.sub
FNDA:0,SafeMath.sub
DA:131,0
BRDA:131,1,0,-
BRDA:131,1,1,-
DA:132,0
DA:134,0
FN:137,SafeMath.mul
FNDA:0,SafeMath.mul
DA:141,0
BRDA:141,2,0,-
BRDA:141,2,1,-
DA:142,0
DA:145,0
DA:146,0
BRDA:146,3,0,-
BRDA:146,3,1,-
DA:148,0
FN:151,SafeMath.div
FNDA:0,SafeMath.div
DA:152,0
FN:155,SafeMath.div
FNDA:0,SafeMath.div
DA:161,0
BRDA:161,4,0,-
BRDA:161,4,1,-
DA:162,0
DA:165,0
FN:168,SafeMath.mod
FNDA:0,SafeMath.mod
DA:169,0
FN:172,SafeMath.mod
FNDA:0,SafeMath.mod
DA:177,0
BRDA:177,5,0,-
BRDA:177,5,1,-
DA:178,0
FN:63,ImprovedTreasuryVester.setRecipient
FNDA:258,ImprovedTreasuryVester.setRecipient
DA:64,258
BRDA:64,0,0,-
BRDA:64,0,1,258
DA:68,258
BRDA:68,1,0,1
BRDA:68,1,1,257
DA:72,257
DA:73,257
FN:76,ImprovedTreasuryVester.claim
FNDA:4,ImprovedTreasuryVester.claim
DA:77,4
BRDA:77,2,0,1
BRDA:77,2,1,3
DA:81,3
DA:82,3
BRDA:82,3,0,-
BRDA:82,3,1,1
DA:83,1
DA:85,2
DA:88,2
DA:90,3
DA:91,3
DA:94,3
BRDA:94,4,0,1
BRDA:94,4,1,2
FNF:10
FNH:2
LF:32
LH:13
BRF:22
BRH:8
end_of_record
TN:
SF:src/TreasuryVester.sol
FN:71,SafeMath.add
FNDA:0,SafeMath.add
DA:72,0
DA:73,0
BRDA:73,0,0,-
BRDA:73,0,1,-
DA:75,0
FN:78,SafeMath.sub
FNDA:0,SafeMath.sub
DA:79,0
FN:82,SafeMath.sub
FNDA:0,SafeMath.sub
DA:83,0
BRDA:83,1,0,-
BRDA:83,1,1,-
DA:84,0
DA:86,0
FN:89,SafeMath.mul
FNDA:0,SafeMath.mul
DA:93,0
BRDA:93,2,0,-
BRDA:93,2,1,-
DA:94,0
DA:97,0
DA:98,0
BRDA:98,3,0,-
BRDA:98,3,1,-
DA:100,0
FN:103,SafeMath.div
FNDA:0,SafeMath.div
DA:104,0
FN:107,SafeMath.div
FNDA:0,SafeMath.div
DA:109,0
BRDA:109,4,0,-
BRDA:109,4,1,-
DA:110,0
DA:113,0
FN:116,SafeMath.mod
FNDA:0,SafeMath.mod
DA:117,0
FN:120,SafeMath.mod
FNDA:0,SafeMath.mod
DA:121,0
BRDA:121,5,0,-
BRDA:121,5,1,-
DA:122,0
FN:44,TreasuryVester.setRecipient
FNDA:0,TreasuryVester.setRecipient
DA:45,0
BRDA:45,0,0,-
BRDA:45,0,1,-
DA:46,0
FN:51,TreasuryVester.claim
FNDA:0,TreasuryVester.claim
DA:52,0
BRDA:52,1,0,-
BRDA:52,1,1,-
DA:53,0
DA:54,0
BRDA:54,2,0,-
BRDA:54,2,1,-
DA:55,0
DA:57,0
DA:58,0
DA:60,0
FNF:10
FNH:0
LF:28
LH:0
BRF:18
BRH:0
end_of_record
TN:
SF:src/mocks/MockUni.sol
FN:99,MockUni.setMinter
FNDA:0,MockUni.setMinter
DA:100,0
BRDA:100,0,0,-
BRDA:100,0,1,-
DA:101,0
DA:102,0
FN:110,MockUni.mint
FNDA:0,MockUni.mint
DA:111,0
BRDA:111,1,0,-
BRDA:111,1,1,-
DA:112,0
BRDA:112,2,0,-
BRDA:112,2,1,-
DA:113,0
BRDA:113,3,0,-
BRDA:113,3,1,-
DA:116,0
DA:119,0
DA:120,0
BRDA:120,4,0,-
BRDA:120,4,1,-
DA:121,0
DA:124,0
DA:125,0
DA:128,0
FN:137,MockUni.allowance
FNDA:0,MockUni.allowance
DA:138,0
FN:149,MockUni.approve
FNDA:0,MockUni.approve
DA:150,0
DA:151,0
BRDA:151,5,0,-
BRDA:151,5,1,-
DA:152,0
DA:154,0
DA:157,0
DA:159,0
DA:160,0
FN:173,MockUni.permit
FNDA:0,MockUni.permit
DA:174,0
DA:175,0
BRDA:175,6,0,-
BRDA:175,6,1,-
DA:176,0
DA:178,0
DA:181,0
DA:182,0
DA:183,0
DA:184,0
DA:185,0
BRDA:185,7,0,-
BRDA:185,7,1,-
DA:186,0
BRDA:186,8,0,-
BRDA:186,8,1,-
DA:187,0
BRDA:187,9,0,-
BRDA:187,9,1,-
DA:189,0
DA:191,0
FN:199,MockUni.balanceOf
FNDA:5,MockUni.balanceOf
DA:200,5
FN:209,MockUni.transfer
FNDA:4,MockUni.transfer
DA:210,4
DA:211,4
DA:212,3
FN:222,MockUni.transferFrom
FNDA:0,MockUni.transferFrom
DA:223,0
DA:224,0
DA:225,0
DA:227,0
BRDA:227,10,0,-
BRDA:227,10,1,-
DA:228,0
DA:229,0
DA:231,0
DA:234,0
DA:235,0
FN:242,MockUni.delegate
FNDA:0,MockUni.delegate
DA:243,0
FN:255,MockUni.delegateBySig
FNDA:0,MockUni.delegateBySig
DA:256,0
DA:257,0
DA:258,0
DA:259,0
DA:260,0
BRDA:260,11,0,-
BRDA:260,11,1,-
DA:261,0
BRDA:261,12,0,-
BRDA:261,12,1,-
DA:262,0
BRDA:262,13,0,-
BRDA:262,13,1,-
DA:263,0
FN:271,MockUni.getCurrentVotes
FNDA:0,MockUni.getCurrentVotes
DA:272,0
DA:273,0
FN:283,MockUni.getPriorVotes
FNDA:0,MockUni.getPriorVotes
DA:284,0
BRDA:284,14,0,-
BRDA:284,14,1,-
DA:286,0
DA:287,0
BRDA:287,15,0,-
BRDA:287,15,1,-
DA:288,0
DA:292,0
BRDA:292,16,0,-
BRDA:292,16,1,-
DA:293,0
DA:297,0
BRDA:297,17,0,-
BRDA:297,17,1,-
DA:298,0
DA:301,0
DA:302,0
DA:303,0
DA:304,0
DA:305,0
DA:306,0
BRDA:306,18,0,-
BRDA:306,18,1,-
DA:307,0
DA:308,0
BRDA:308,19,0,-
BRDA:308,19,1,-
DA:309,0
DA:311,0
DA:314,0
FN:317,MockUni._delegate
FNDA:0,MockUni._delegate
DA:318,0
DA:319,0
DA:320,0
DA:322,0
DA:324,0
FN:327,MockUni._transferTokens
FNDA:4,MockUni._transferTokens
DA:328,4
BRDA:328,20,0,-
BRDA:328,20,1,4
DA:329,4
BRDA:329,21,0,-
BRDA:329,21,1,4
DA:331,4
DA:332,3
DA:333,3
DA:335,3
FN:338,MockUni._moveDelegates
FNDA:3,MockUni._moveDelegates
DA:339,3
BRDA:339,22,0,-
BRDA:339,22,1,-
DA:340,0
BRDA:340,23,0,-
BRDA:340,23,1,-
DA:341,0
DA:342,0
DA:343,0
DA:344,0
DA:347,0
BRDA:347,24,0,-
BRDA:347,24,1,-
DA:348,0
DA:349,0
DA:350,0
DA:351,0
FN:356,MockUni._writeCheckpoint
FNDA:0,MockUni._writeCheckpoint
DA:357,0
DA:359,0
BRDA:359,25,0,-
BRDA:359,25,1,-
DA:360,0
DA:362,0
DA:363,0
DA:366,0
FN:369,MockUni.safe32
FNDA:0,MockUni.safe32
DA:370,0
BRDA:370,26,0,-
BRDA:370,26,1,-
DA:371,0
FN:374,MockUni.safe96
FNDA:4,MockUni.safe96
DA:375,4
BRDA:375,27,0,-
BRDA:375,27,1,-
DA:376,4
FN:379,MockUni.add96
FNDA:3,MockUni.add96
DA:380,3
DA:381,3
BRDA:381,28,0,-
BRDA:381,28,1,-
DA:382,3
FN:385,MockUni.sub96
FNDA:4,MockUni.sub96
DA:386,4
BRDA:386,29,0,1
BRDA:386,29,1,1
DA:387,3
FN:390,MockUni.getChainId
FNDA:0,MockUni.getChainId
DA:391,0
FN:404,SafeMathMock.add
FNDA:0,SafeMathMock.add
DA:405,0
DA:406,0
BRDA:406,0,0,-
BRDA:406,0,1,-
DA:408,0
FN:419,SafeMathMock.add
FNDA:0,SafeMathMock.add
DA:420,0
DA:421,0
BRDA:421,1,0,-
BRDA:421,1,1,-
DA:423,0
FN:434,SafeMathMock.sub
FNDA:0,SafeMathMock.sub
DA:435,0
FN:446,SafeMathMock.sub
FNDA:0,SafeMathMock.sub
DA:447,0
BRDA:447,2,0,-
BRDA:447,2,1,-
DA:448,0
DA:450,0
FN:461,SafeMathMock.mul
FNDA:0,SafeMathMock.mul
DA:465,0
BRDA:465,3,0,-
BRDA:465,3,1,-
DA:466,0
DA:469,0
DA:470,0
BRDA:470,4,0,-
BRDA:470,4,1,-
DA:472,0
FN:483,SafeMathMock.mul
FNDA:0,SafeMathMock.mul
DA:487,0
BRDA:487,5,0,-
BRDA:487,5,1,-
DA:488,0
DA:491,0
DA:492,0
BRDA:492,6,0,-
BRDA:492,6,1,-
DA:494,0
FN:508,SafeMathMock.div
FNDA:0,SafeMathMock.div
DA:509,0
FN:523,SafeMathMock.div
FNDA:0,SafeMathMock.div
DA:525,0
BRDA:525,7,0,-
BRDA:525,7,1,-
DA:526,0
DA:529,0
FN:543,SafeMathMock.mod
FNDA:0,SafeMathMock.mod
DA:544,0
FN:558,SafeMathMock.mod
FNDA:0,SafeMathMock.mod
DA:559,0
BRDA:559,8,0,-
BRDA:559,8,1,-
DA:560,0
FNF:31
FNH:7
LF:142
LH:18
BRF:78
BRH:4
end_of_record
TN:
SF:src/mocks/Uni.sol
FN:99,Uni.setMinter
FNDA:0,Uni.setMinter
DA:100,0
BRDA:100,0,0,-
BRDA:100,0,1,-
DA:101,0
DA:102,0
FN:110,Uni.mint
FNDA:0,Uni.mint
DA:111,0
BRDA:111,1,0,-
BRDA:111,1,1,-
DA:112,0
BRDA:112,2,0,-
BRDA:112,2,1,-
DA:113,0
BRDA:113,3,0,-
BRDA:113,3,1,-
DA:116,0
DA:119,0
DA:120,0
BRDA:120,4,0,-
BRDA:120,4,1,-
DA:121,0
DA:124,0
DA:125,0
DA:128,0
FN:137,Uni.allowance
FNDA:0,Uni.allowance
DA:138,0
FN:149,Uni.approve
FNDA:0,Uni.approve
DA:150,0
DA:151,0
BRDA:151,5,0,-
BRDA:151,5,1,-
DA:152,0
DA:154,0
DA:157,0
DA:159,0
DA:160,0
FN:173,Uni.permit
FNDA:0,Uni.permit
DA:174,0
DA:175,0
BRDA:175,6,0,-
BRDA:175,6,1,-
DA:176,0
DA:178,0
DA:181,0
DA:182,0
DA:183,0
DA:184,0
DA:185,0
BRDA:185,7,0,-
BRDA:185,7,1,-
DA:186,0
BRDA:186,8,0,-
BRDA:186,8,1,-
DA:187,0
BRDA:187,9,0,-
BRDA:187,9,1,-
DA:189,0
DA:191,0
FN:199,Uni.balanceOf
FNDA:0,Uni.balanceOf
DA:200,0
FN:209,Uni.transfer
FNDA:0,Uni.transfer
DA:210,0
DA:211,0
DA:212,0
FN:222,Uni.transferFrom
FNDA:0,Uni.transferFrom
DA:223,0
DA:224,0
DA:225,0
DA:227,0
BRDA:227,10,0,-
BRDA:227,10,1,-
DA:228,0
DA:229,0
DA:231,0
DA:234,0
DA:235,0
FN:242,Uni.delegate
FNDA:0,Uni.delegate
DA:243,0
FN:255,Uni.delegateBySig
FNDA:0,Uni.delegateBySig
DA:256,0
DA:257,0
DA:258,0
DA:259,0
DA:260,0
BRDA:260,11,0,-
BRDA:260,11,1,-
DA:261,0
BRDA:261,12,0,-
BRDA:261,12,1,-
DA:262,0
BRDA:262,13,0,-
BRDA:262,13,1,-
DA:263,0
FN:271,Uni.getCurrentVotes
FNDA:0,Uni.getCurrentVotes
DA:272,0
DA:273,0
FN:283,Uni.getPriorVotes
FNDA:0,Uni.getPriorVotes
DA:284,0
BRDA:284,14,0,-
BRDA:284,14,1,-
DA:286,0
DA:287,0
BRDA:287,15,0,-
BRDA:287,15,1,-
DA:288,0
DA:292,0
BRDA:292,16,0,-
BRDA:292,16,1,-
DA:293,0
DA:297,0
BRDA:297,17,0,-
BRDA:297,17,1,-
DA:298,0
DA:301,0
DA:302,0
DA:303,0
DA:304,0
DA:305,0
DA:306,0
BRDA:306,18,0,-
BRDA:306,18,1,-
DA:307,0
DA:308,0
BRDA:308,19,0,-
BRDA:308,19,1,-
DA:309,0
DA:311,0
DA:314,0
FN:317,Uni._delegate
FNDA:0,Uni._delegate
DA:318,0
DA:319,0
DA:320,0
DA:322,0
DA:324,0
FN:327,Uni._transferTokens
FNDA:0,Uni._transferTokens
DA:328,0
BRDA:328,20,0,-
BRDA:328,20,1,-
DA:329,0
BRDA:329,21,0,-
BRDA:329,21,1,-
DA:331,0
DA:332,0
DA:333,0
DA:335,0
FN:338,Uni._moveDelegates
FNDA:0,Uni._moveDelegates
DA:339,0
BRDA:339,22,0,-
BRDA:339,22,1,-
DA:340,0
BRDA:340,23,0,-
BRDA:340,23,1,-
DA:341,0
DA:342,0
DA:343,0
DA:344,0
DA:347,0
BRDA:347,24,0,-
BRDA:347,24,1,-
DA:348,0
DA:349,0
DA:350,0
DA:351,0
FN:356,Uni._writeCheckpoint
FNDA:0,Uni._writeCheckpoint
DA:357,0
DA:359,0
BRDA:359,25,0,-
BRDA:359,25,1,-
DA:360,0
DA:362,0
DA:363,0
DA:366,0
FN:369,Uni.safe32
FNDA:0,Uni.safe32
DA:370,0
BRDA:370,26,0,-
BRDA:370,26,1,-
DA:371,0
FN:374,Uni.safe96
FNDA:0,Uni.safe96
DA:375,0
BRDA:375,27,0,-
BRDA:375,27,1,-
DA:376,0
FN:379,Uni.add96
FNDA:0,Uni.add96
DA:380,0
DA:381,0
BRDA:381,28,0,-
BRDA:381,28,1,-
DA:382,0
FN:385,Uni.sub96
FNDA:0,Uni.sub96
DA:386,0
BRDA:386,29,0,-
BRDA:386,29,1,-
DA:387,0
FN:390,Uni.getChainId
FNDA:0,Uni.getChainId
DA:392,0
FN:405,SafeMath.add
FNDA:0,SafeMath.add
DA:406,0
DA:407,0
BRDA:407,0,0,-
BRDA:407,0,1,-
DA:409,0
FN:420,SafeMath.add
FNDA:0,SafeMath.add
DA:421,0
DA:422,0
BRDA:422,1,0,-
BRDA:422,1,1,-
DA:424,0
FN:435,SafeMath.sub
FNDA:0,SafeMath.sub
DA:436,0
FN:447,SafeMath.sub
FNDA:0,SafeMath.sub
DA:448,0
BRDA:448,2,0,-
BRDA:448,2,1,-
DA:449,0
DA:451,0
FN:462,SafeMath.mul
FNDA:0,SafeMath.mul
DA:466,0
BRDA:466,3,0,-
BRDA:466,3,1,-
DA:467,0
DA:470,0
DA:471,0
BRDA:471,4,0,-
BRDA:471,4,1,-
DA:473,0
FN:484,SafeMath.mul
FNDA:0,SafeMath.mul
DA:488,0
BRDA:488,5,0,-
BRDA:488,5,1,-
DA:489,0
DA:492,0
DA:493,0
BRDA:493,6,0,-
BRDA:493,6,1,-
DA:495,0
FN:509,SafeMath.div
FNDA:0,SafeMath.div
DA:510,0
FN:524,SafeMath.div
FNDA:0,SafeMath.div
DA:526,0
BRDA:526,7,0,-
BRDA:526,7,1,-
DA:527,0
DA:530,0
FN:544,SafeMath.mod
FNDA:0,SafeMath.mod
DA:545,0
FN:559,SafeMath.mod
FNDA:0,SafeMath.mod
DA:560,0
BRDA:560,8,0,-
BRDA:560,8,1,-
DA:561,0
FNF:31
FNH:0
LF:142
LH:0
BRF:78
BRH:0
end_of_record
TN:
SF:src/mocks/UniNoReturnValueOnTransfer.sol
FN:215,SafeMath.add
FNDA:0,SafeMath.add
DA:216,0
DA:217,0
BRDA:217,0,0,-
BRDA:217,0,1,-
DA:219,0
FN:230,SafeMath.add
FNDA:0,SafeMath.add
DA:235,0
DA:236,0
BRDA:236,1,0,-
BRDA:236,1,1,-
DA:238,0
FN:249,SafeMath.sub
FNDA:0,SafeMath.sub
DA:250,0
FN:261,SafeMath.sub
FNDA:0,SafeMath.sub
DA:266,0
BRDA:266,2,0,-
BRDA:266,2,1,-
DA:267,0
DA:269,0
FN:280,SafeMath.mul
FNDA:0,SafeMath.mul
DA:284,0
BRDA:284,3,0,-
BRDA:284,3,1,-
DA:285,0
DA:288,0
DA:289,0
BRDA:289,4,0,-
BRDA:289,4,1,-
DA:291,0
FN:302,SafeMath.mul
FNDA:0,SafeMath.mul
DA:310,0
BRDA:310,5,0,-
BRDA:310,5,1,-
DA:311,0
DA:314,0
DA:315,0
BRDA:315,6,0,-
BRDA:315,6,1,-
DA:317,0
FN:331,SafeMath.div
FNDA:0,SafeMath.div
DA:332,0
FN:346,SafeMath.div
FNDA:0,SafeMath.div
DA:352,0
BRDA:352,7,0,-
BRDA:352,7,1,-
DA:353,0
DA:356,0
FN:370,SafeMath.mod
FNDA:0,SafeMath.mod
DA:371,0
FN:385,SafeMath.mod
FNDA:0,SafeMath.mod
DA:390,0
BRDA:390,8,0,-
BRDA:390,8,1,-
DA:391,0
FN:69,UniNoReturnValueOnTransfer.allowance
FNDA:0,UniNoReturnValueOnTransfer.allowance
DA:73,0
FN:76,UniNoReturnValueOnTransfer.approve
FNDA:0,UniNoReturnValueOnTransfer.approve
DA:77,0
DA:78,0
BRDA:78,0,0,-
BRDA:78,0,1,-
DA:79,0
DA:81,0
DA:84,0
DA:86,0
DA:87,0
FN:95,UniNoReturnValueOnTransfer.balanceOf
FNDA:0,UniNoReturnValueOnTransfer.balanceOf
DA:96,0
FN:105,UniNoReturnValueOnTransfer.transfer
FNDA:0,UniNoReturnValueOnTransfer.transfer
DA:106,0
DA:110,0
FN:120,UniNoReturnValueOnTransfer.transferFrom
FNDA:0,UniNoReturnValueOnTransfer.transferFrom
DA:121,0
DA:122,0
DA:123,0
DA:128,0
BRDA:128,1,0,-
BRDA:128,1,1,-
DA:129,0
DA:134,0
DA:136,0
DA:139,0
FN:142,UniNoReturnValueOnTransfer._transferTokens
FNDA:0,UniNoReturnValueOnTransfer._transferTokens
DA:143,0
BRDA:143,2,0,-
BRDA:143,2,1,-
DA:147,0
BRDA:147,3,0,-
BRDA:147,3,1,-
DA:151,0
DA:156,0
DA:161,0
FN:164,UniNoReturnValueOnTransfer.safe32
FNDA:0,UniNoReturnValueOnTransfer.safe32
DA:168,0
BRDA:168,4,0,-
BRDA:168,4,1,-
DA:169,0
FN:172,UniNoReturnValueOnTransfer.safe96
FNDA:0,UniNoReturnValueOnTransfer.safe96
DA:176,0
BRDA:176,5,0,-
BRDA:176,5,1,-
DA:177,0
FN:180,UniNoReturnValueOnTransfer.add96
FNDA:0,UniNoReturnValueOnTransfer.add96
DA:185,0
DA:186,0
BRDA:186,6,0,-
BRDA:186,6,1,-
DA:187,0
FN:190,UniNoReturnValueOnTransfer.sub96
FNDA:0,UniNoReturnValueOnTransfer.sub96
DA:195,0
BRDA:195,7,0,-
BRDA:195,7,1,-
DA:196,0
FN:199,UniNoReturnValueOnTransfer.getChainId
FNDA:0,UniNoReturnValueOnTransfer.getChainId
DA:200,0
DA:202,0
FNF:21
FNH:0
LF:62
LH:0
BRF:34
BRH:0
end_of_record
TN:
SF:src/mocks/UniNoRevertOnTransfer.sol
FN:69,UniNoRevertOnTransfer.allowance
FNDA:0,UniNoRevertOnTransfer.allowance
DA:73,0
FN:76,UniNoRevertOnTransfer.approve
FNDA:0,UniNoRevertOnTransfer.approve
DA:77,0
DA:78,0
BRDA:78,0,0,-
BRDA:78,0,1,-
DA:79,0
DA:81,0
DA:84,0
DA:86,0
DA:87,0
FN:95,UniNoRevertOnTransfer.balanceOf
FNDA:0,UniNoRevertOnTransfer.balanceOf
DA:96,0
FN:105,UniNoRevertOnTransfer.transfer
FNDA:0,UniNoRevertOnTransfer.transfer
DA:106,0
DA:110,0
DA:111,0
FN:121,UniNoRevertOnTransfer.transferFrom
FNDA:0,UniNoRevertOnTransfer.transferFrom
DA:126,0
DA:127,0
DA:128,0
DA:133,0
BRDA:133,1,0,-
BRDA:133,1,1,-
DA:134,0
DA:139,0
DA:141,0
DA:144,0
DA:145,0
FN:148,UniNoRevertOnTransfer._transferTokens
FNDA:0,UniNoRevertOnTransfer._transferTokens
DA:154,0
DA:155,0
DA:156,0
DA:157,0
BRDA:153,2,0,-
BRDA:153,2,1,-
DA:159,0
DA:160,0
DA:161,0
DA:162,0
DA:164,0
FN:168,UniNoRevertOnTransfer.safe32
FNDA:0,UniNoRevertOnTransfer.safe32
DA:172,0
BRDA:172,3,0,-
BRDA:172,3,1,-
DA:173,0
FN:176,UniNoRevertOnTransfer.safe96
FNDA:0,UniNoRevertOnTransfer.safe96
DA:180,0
BRDA:180,4,0,-
BRDA:180,4,1,-
DA:181,0
FN:184,UniNoRevertOnTransfer.add96
FNDA:0,UniNoRevertOnTransfer.add96
DA:189,0
DA:190,0
BRDA:190,5,0,-
BRDA:190,5,1,-
DA:191,0
FN:194,UniNoRevertOnTransfer.sub96
FNDA:0,UniNoRevertOnTransfer.sub96
DA:199,0
BRDA:199,6,0,-
BRDA:199,6,1,-
DA:200,0
FN:203,UniNoRevertOnTransfer.getChainId
FNDA:0,UniNoRevertOnTransfer.getChainId
DA:204,0
DA:206,0
FN:219,SafeMath.add
FNDA:0,SafeMath.add
DA:220,0
DA:221,0
BRDA:221,0,0,-
BRDA:221,0,1,-
DA:223,0
FN:234,SafeMath.add
FNDA:0,SafeMath.add
DA:239,0
DA:240,0
BRDA:240,1,0,-
BRDA:240,1,1,-
DA:242,0
FN:253,SafeMath.sub
FNDA:0,SafeMath.sub
DA:254,0
FN:265,SafeMath.sub
FNDA:0,SafeMath.sub
DA:270,0
BRDA:270,2,0,-
BRDA:270,2,1,-
DA:271,0
DA:273,0
FN:284,SafeMath.mul
FNDA:0,SafeMath.mul
DA:288,0
BRDA:288,3,0,-
BRDA:288,3,1,-
DA:289,0
DA:292,0
DA:293,0
BRDA:293,4,0,-
BRDA:293,4,1,-
DA:295,0
FN:306,SafeMath.mul
FNDA:0,SafeMath.mul
DA:314,0
BRDA:314,5,0,-
BRDA:314,5,1,-
DA:315,0
DA:318,0
DA:319,0
BRDA:319,6,0,-
BRDA:319,6,1,-
DA:321,0
FN:335,SafeMath.div
FNDA:0,SafeMath.div
DA:336,0
FN:350,SafeMath.div
FNDA:0,SafeMath.div
DA:356,0
BRDA:356,7,0,-
BRDA:356,7,1,-
DA:357,0
DA:360,0
FN:374,SafeMath.mod
FNDA:0,SafeMath.mod
DA:375,0
FN:389,SafeMath.mod
FNDA:0,SafeMath.mod
DA:394,0
BRDA:394,8,0,-
BRDA:394,8,1,-
DA:395,0
FNF:21
FNH:0
LF:68
LH:0
BRF:32
BRH:0
end_of_record
